app/build/intermediates/manifest_merge_blame_file/release/manifest-merger-blame-release-report.txt
1<?xml version="1.0" encoding="utf-8"?>
2<manifest xmlns:android="http://schemas.android.com/apk/res/android"
3    package="xyz.jiangyu.pet"
4    android:versionCode="1"
5    android:versionName="1.0" >
6
7    <uses-sdk
8        android:minSdkVersion="26"
8-->src/main/AndroidManifest.xml
9        android:targetSdkVersion="34" />
9-->src/main/AndroidManifest.xml
10
11    <uses-permission android:name="android.permission.SYSTEM_ALERT_WINDOW" />
11-->src/main/AndroidManifest.xml:5:5-78
11-->src/main/AndroidManifest.xml:5:22-75
12    <uses-permission android:name="android.permission.FOREGROUND_SERVICE" />
12-->src/main/AndroidManifest.xml:6:5-77
12-->src/main/AndroidManifest.xml:6:22-74
13    <uses-permission android:name="android.permission.FOREGROUND_SERVICE_SPECIAL_USE" />
13-->src/main/AndroidManifest.xml:7:5-89
13-->src/main/AndroidManifest.xml:7:22-86
14
15    <application
15-->src/main/AndroidManifest.xml:9:5-26:19
16        android:allowBackup="true"
16-->src/main/AndroidManifest.xml:10:9-35
17        android:extractNativeLibs="false"
18        android:label="黑豹"
18-->src/main/AndroidManifest.xml:11:9-27
19        android:theme="@android:style/Theme.Translucent.NoTitleBar" >
19-->src/main/AndroidManifest.xml:12:9-68
20        <activity
20-->src/main/AndroidManifest.xml:14:9-21:20
21            android:name="xyz.jiangyu.pet.MainActivity"
21-->src/main/AndroidManifest.xml:15:13-41
22            android:excludeFromRecents="true" >
22-->src/main/AndroidManifest.xml:16:13-46
23            <intent-filter>
23-->src/main/AndroidManifest.xml:17:13-20:29
24                <action android:name="android.intent.action.MAIN" />
24-->src/main/AndroidManifest.xml:18:17-69
24-->src/main/AndroidManifest.xml:18:25-66
25
26                <category android:name="android.intent.category.LAUNCHER" />
26-->src/main/AndroidManifest.xml:19:17-77
26-->src/main/AndroidManifest.xml:19:27-74
27            </intent-filter>
28        </activity>
29
30        <service
30-->src/main/AndroidManifest.xml:23:9-25:58
31            android:name="xyz.jiangyu.pet.FloatService"
31-->src/main/AndroidManifest.xml:24:13-41
32            android:foregroundServiceType="specialUse" />
32-->src/main/AndroidManifest.xml:25:13-55
33    </application>
34
35</manifest>